<?xml version="1.0" encoding="UTF-8" ?>
<testsuite tests="69" failures="0" name="org.testifj.util.LinkedSequenceTest" time="0.018" errors="0" skipped="0">
  <properties>
[...]
</properties>
  <testcase classname="org.testifj.util.LinkedSequenceTest" name="lastByPredicateShouldReturnNonExistingSelectorIfNoElementMatches" time="0.001"/>
  <testcase classname="org.testifj.util.LinkedSequenceTest" name="getLastElementShouldFailOnEmptyStatements" time="0"/>
  <testcase classname="org.testifj.util.LinkedSequenceTest" name="tailShouldReturnNonExistingSelectorForInvalidIndex" time="0"/>
  <testcase classname="org.testifj.util.LinkedSequenceTest" name="insertBeforeFirstByPredicateShouldNotAcceptNullElement" time="0.001"/>
  <testcase classname="org.testifj.util.LinkedSequenceTest" name="insertBeforeLastShouldFailForEmptySequence" time="0"/>
  <testcase classname="org.testifj.util.LinkedSequenceTest" name="lastByPredicateShouldReturnSelectorForLastMatchingElement" time="0.001"/>
  <testcase classname="org.testifj.util.LinkedSequenceTest" name="insertBeforeSpecifiedIndexShouldNotAcceptNullElement" time="0.001"/>
  <testcase classname="org.testifj.util.LinkedSequenceTest" name="firstWithPredicateShouldSwapFirstMatchingElement" time="0.001"/>
  <testcase classname="org.testifj.util.LinkedSequenceTest" name="previousOnSelectorShouldReturnNonExistingSelectorIfPreviousElementDoesNotExist" time="0"/>
  <testcase classname="org.testifj.util.LinkedSequenceTest" name="lastShouldExistForNonEmptyStatements" time="0"/>
  <testcase classname="org.testifj.util.LinkedSequenceTest" name="swapLastShouldSwapLastElement" time="0"/>
  <testcase classname="org.testifj.util.LinkedSequenceTest" name="insertAtLastByPredicateShouldNotAcceptNullElement" time="0.001"/>
  <testcase classname="org.testifj.util.LinkedSequenceTest" name="allShouldReturnAllEnlistedStatements" time="0"/>
  <testcase classname="org.testifj.util.LinkedSequenceTest" name="getByIndexShouldExistIfElementExistsAtIndex" time="0"/>
  <testcase classname="org.testifj.util.LinkedSequenceTest" name="lastByPredicateShouldNotAcceptNullPredicate" time="0.001"/>
  <testcase classname="org.testifj.util.LinkedSequenceTest" name="firstElementCanBeSwapped" time="0"/>
  <testcase classname="org.testifj.util.LinkedSequenceTest" name="selectedElementCanBeNavigatedToPreviousElement" time="0"/>
  <testcase classname="org.testifj.util.LinkedSequenceTest" name="getAtIndexShouldFailIfElementDoesNotExist" time="0.001"/>
  <testcase classname="org.testifj.util.LinkedSequenceTest" name="removeForFirstWithPredicateShouldFailIfNoElementExists" time="0"/>
  <testcase classname="org.testifj.util.LinkedSequenceTest" name="insertBeforeLastShouldInsertElementBeforeLastElement" time="0"/>
  <testcase classname="org.testifj.util.LinkedSequenceTest" name="getAtIndexShouldReturnElementAtIndex" time="0"/>
  <testcase classname="org.testifj.util.LinkedSequenceTest" name="lastElementCanBeSwappedThroughIndex" time="0.001"/>
  <testcase classname="org.testifj.util.LinkedSequenceTest" name="statementAtIndexShouldFailImmediatelyForNegativeIndex" time="0"/>
  <testcase classname="org.testifj.util.LinkedSequenceTest" name="insertBeforeFirstShouldNotAcceptNullElement" time="0"/>
  <testcase classname="org.testifj.util.LinkedSequenceTest" name="statementsCanBeIterated" time="0"/>
  <testcase classname="org.testifj.util.LinkedSequenceTest" name="clearShouldRemoveElementsAndResetSize" time="0.001"/>
  <testcase classname="org.testifj.util.LinkedSequenceTest" name="insertBeforeFirstByPredicateShouldFailForEmptySequence" time="0.001"/>
  <testcase classname="org.testifj.util.LinkedSequenceTest" name="firstShouldNotAcceptNullPredicate" time="0"/>
  <testcase classname="org.testifj.util.LinkedSequenceTest" name="firstWithPredicateShouldFailIfListIsConcurrentlyModified" time="0.001"/>
  <testcase classname="org.testifj.util.LinkedSequenceTest" name="isEmptyShouldBeTrueIfNoElementsExists" time="0"/>
  <testcase classname="org.testifj.util.LinkedSequenceTest" name="delistLastShouldRemoveLastElement" time="0"/>
  <testcase classname="org.testifj.util.LinkedSequenceTest" name="insertBeforeShouldInsertElementAtIndex" time="0"/>
  <testcase classname="org.testifj.util.LinkedSequenceTest" name="firstShouldExistForNonEmptyStatements" time="0"/>
  <testcase classname="org.testifj.util.LinkedSequenceTest" name="firstElementCanBeSwappedThroughIndex" time="0"/>
  <testcase classname="org.testifj.util.LinkedSequenceTest" name="swapLastShouldFailIfStatementsAreEmpty" time="0"/>
  <testcase classname="org.testifj.util.LinkedSequenceTest" name="delistFirstShouldFailIfStatementsAreEmpty" time="0"/>
  <testcase classname="org.testifj.util.LinkedSequenceTest" name="swapForFirstWithPredicateShouldNotAcceptNullElement" time="0"/>
  <testcase classname="org.testifj.util.LinkedSequenceTest" name="lastShouldNotExistForEmptyStatements" time="0"/>
  <testcase classname="org.testifj.util.LinkedSequenceTest" name="getByIndexShouldNotExistsIfNoElementExistsForIndex" time="0"/>
  <testcase classname="org.testifj.util.LinkedSequenceTest" name="isEmptyShouldBeFalseIfAtLeastOneElementExists" time="0"/>
  <testcase classname="org.testifj.util.LinkedSequenceTest" name="insertBeforeFirstByPredicateShouldElementBeforeFirstMatchingElement" time="0"/>
  <testcase classname="org.testifj.util.LinkedSequenceTest" name="firstWithPredicateCannotBeSwappedIfNoElementMatches" time="0"/>
  <testcase classname="org.testifj.util.LinkedSequenceTest" name="previousOnSelectorShouldFailIfElementDoesNotExists" time="0.001"/>
  <testcase classname="org.testifj.util.LinkedSequenceTest" name="firstShouldNotExistIfNoMatchingElementsExists" time="0"/>
  <testcase classname="org.testifj.util.LinkedSequenceTest" name="insertBeforeFirstShouldFailForEmptySequence" time="0.001"/>
  <testcase classname="org.testifj.util.LinkedSequenceTest" name="iteratorShouldFailIfListIsModified" time="0"/>
  <testcase classname="org.testifj.util.LinkedSequenceTest" name="intermediateCanBeReplacedThroughIndex" time="0.001"/>
  <testcase classname="org.testifj.util.LinkedSequenceTest" name="firstCanBeDelistedThroughIndex" time="0"/>
  <testcase classname="org.testifj.util.LinkedSequenceTest" name="removeForFirstWithPredicateShouldRemoveFirstMatchingElement" time="0"/>
  <testcase classname="org.testifj.util.LinkedSequenceTest" name="swapOnFirstElementShouldFailIfStatementsAreEmpty" time="0.001"/>
  <testcase classname="org.testifj.util.LinkedSequenceTest" name="firstElementCanBeDelisted" time="0"/>
  <testcase classname="org.testifj.util.LinkedSequenceTest" name="insertBeforeLastShouldNotAcceptNullElement" time="0"/>
  <testcase classname="org.testifj.util.LinkedSequenceTest" name="firstShouldReturnFirstMatchingElement" time="0.001"/>
  <testcase classname="org.testifj.util.LinkedSequenceTest" name="getLastShouldReturnLastElement" time="0"/>
  <testcase classname="org.testifj.util.LinkedSequenceTest" name="lastCanBeReplacedThroughIndex" time="0"/>
  <testcase classname="org.testifj.util.LinkedSequenceTest" name="firstShouldNotExistForEmptyStatements" time="0"/>
  <testcase classname="org.testifj.util.LinkedSequenceTest" name="insertBeforeSpecifiedIndexShouldFailForInvalidIndex" time="0"/>
  <testcase classname="org.testifj.util.LinkedSequenceTest" name="tailShouldReturnRemainingElementsForPositiveIndex" time="0"/>
  <testcase classname="org.testifj.util.LinkedSequenceTest" name="insertAtLastByPredicateShouldFailIfNoElementMatches" time="0"/>
  <testcase classname="org.testifj.util.LinkedSequenceTest" name="tailWithRelativeOffsetFromStartCanBeRemoved" time="0"/>
  <testcase classname="org.testifj.util.LinkedSequenceTest" name="allCanClearEntireContents" time="0"/>
  <testcase classname="org.testifj.util.LinkedSequenceTest" name="delistLastShouldFailIfStatementsAreEmpty" time="0"/>
  <testcase classname="org.testifj.util.LinkedSequenceTest" name="insertAtLastByPredicateShouldInsertElementBeforeFirstMatchingElementFromEnd" time="0"/>
  <testcase classname="org.testifj.util.LinkedSequenceTest" name="removeAtLastIndexShouldReduceSizeForMultipleElements" time="0"/>
  <testcase classname="org.testifj.util.LinkedSequenceTest" name="removeAtIndexShouldReduceSizeForOneElement" time="0"/>
  <testcase classname="org.testifj.util.LinkedSequenceTest" name="enlistShouldNotAcceptNullArgument" time="0"/>
  <testcase classname="org.testifj.util.LinkedSequenceTest" name="tailShouldReturnTailFromEndForNegativeIndex" time="0"/>
  <testcase classname="org.testifj.util.LinkedSequenceTest" name="swapByIndexShouldNotAcceptNullNewStatement" time="0.001"/>
  <testcase classname="org.testifj.util.LinkedSequenceTest" name="insertBeforeFirstShouldInsertElementAtFirstIndex" time="0"/>
</testsuite>