<?xml version="1.0" encoding="UTF-8" ?>
<testsuite tests="36" failures="0" name="org.testifj.lang.codegeneration.impl.JavaSyntaxCodeGenerationTest" time="0.039" errors="0" skipped="0">
  <properties>
[...]
</properties>
  <testcase classname="org.testifj.lang.codegeneration.impl.JavaSyntaxCodeGenerationTest" name="arrayLoadShouldOutputArrayElementAccess" time="0.002"/>
  <testcase classname="org.testifj.lang.codegeneration.impl.JavaSyntaxCodeGenerationTest" name="selectBooleanBoxCallShouldSelectBooleanValueOfMethod" time="0"/>
  <testcase classname="org.testifj.lang.codegeneration.impl.JavaSyntaxCodeGenerationTest" name="selectInitializedNewArrayShouldSelectNewArrayWithInitializers" time="0.005"/>
  <testcase classname="org.testifj.lang.codegeneration.impl.JavaSyntaxCodeGenerationTest" name="allocateInstanceShouldBeSupported" time="0.001"/>
  <testcase classname="org.testifj.lang.codegeneration.impl.JavaSyntaxCodeGenerationTest" name="binaryOperatorsShouldBeSupported" time="0.002"/>
  <testcase classname="org.testifj.lang.codegeneration.impl.JavaSyntaxCodeGenerationTest" name="booleanBoxCallShouldBeSupported" time="0"/>
  <testcase classname="org.testifj.lang.codegeneration.impl.JavaSyntaxCodeGenerationTest" name="isPrimitiveBoxCallShouldReturnFalseForNonMatchingStaticMethod" time="0"/>
  <testcase classname="org.testifj.lang.codegeneration.impl.JavaSyntaxCodeGenerationTest" name="selectInnerClassFieldAccessShouldNotSelectNonStaticMethodCall" time="0.001"/>
  <testcase classname="org.testifj.lang.codegeneration.impl.JavaSyntaxCodeGenerationTest" name="selectInitializedNewArrayShouldNotSelectNewArrayWithoutInitializers" time="0.004"/>
  <testcase classname="org.testifj.lang.codegeneration.impl.JavaSyntaxCodeGenerationTest" name="coreConfigurationShouldSupportGenerationOfReturnValue" time="0"/>
  <testcase classname="org.testifj.lang.codegeneration.impl.JavaSyntaxCodeGenerationTest" name="innerClassFieldSelectorShouldNotSelectStaticMethodWithInvalidArguments" time="0.001"/>
  <testcase classname="org.testifj.lang.codegeneration.impl.JavaSyntaxCodeGenerationTest" name="innerClassFieldSelectorShouldSelectInnerClassFieldReference" time="0.001"/>
  <testcase classname="org.testifj.lang.codegeneration.impl.JavaSyntaxCodeGenerationTest" name="castExtensionShouldBeSupported" time="0"/>
  <testcase classname="org.testifj.lang.codegeneration.impl.JavaSyntaxCodeGenerationTest" name="selectInnerClassFieldAccessShouldNotSelectNonMethodCall" time="0"/>
  <testcase classname="org.testifj.lang.codegeneration.impl.JavaSyntaxCodeGenerationTest" name="innerClassFieldAssignmentShouldGeneratePlainFieldAssignment" time="0.001"/>
  <testcase classname="org.testifj.lang.codegeneration.impl.JavaSyntaxCodeGenerationTest" name="isPrimitiveBoxCallShouldReturnTrueForBoxMethods" time="0.002"/>
  <testcase classname="org.testifj.lang.codegeneration.impl.JavaSyntaxCodeGenerationTest" name="coreConfigurationShouldSupportGenerationForConstantElements" time="0.001"/>
  <testcase classname="org.testifj.lang.codegeneration.impl.JavaSyntaxCodeGenerationTest" name="selectUninitializedNewArrayShouldSelectNewArrayWithoutInitializers" time="0.004"/>
  <testcase classname="org.testifj.lang.codegeneration.impl.JavaSyntaxCodeGenerationTest" name="coreConfigurationShouldSupportInstanceMethodCall" time="0.001"/>
  <testcase classname="org.testifj.lang.codegeneration.impl.JavaSyntaxCodeGenerationTest" name="isDSLMethodCallShouldReturnTrueIfTargetTypeHasDSLAnnotation" time="0.001"/>
  <testcase classname="org.testifj.lang.codegeneration.impl.JavaSyntaxCodeGenerationTest" name="coreConfigurationShouldSupportGenerationOfVariableReference" time="0"/>
  <testcase classname="org.testifj.lang.codegeneration.impl.JavaSyntaxCodeGenerationTest" name="thisReferenceCanBeIncludedOnInstanceMethodCall" time="0"/>
  <testcase classname="org.testifj.lang.codegeneration.impl.JavaSyntaxCodeGenerationTest" name="coreConfigurationShouldSupportGenerationForReturnElement" time="0.001"/>
  <testcase classname="org.testifj.lang.codegeneration.impl.JavaSyntaxCodeGenerationTest" name="codeConfigurationShouldSupportStaticMethodCall" time="0.001"/>
  <testcase classname="org.testifj.lang.codegeneration.impl.JavaSyntaxCodeGenerationTest" name="innerClassFieldAccessShouldGeneratePlainFieldReference" time="0.001"/>
  <testcase classname="org.testifj.lang.codegeneration.impl.JavaSyntaxCodeGenerationTest" name="isPrimitiveBoxCallShouldReturnFalseForInstanceMethod" time="0"/>
  <testcase classname="org.testifj.lang.codegeneration.impl.JavaSyntaxCodeGenerationTest" name="thisReferenceCanBeOmittedOnInstanceMethodCall" time="0"/>
  <testcase classname="org.testifj.lang.codegeneration.impl.JavaSyntaxCodeGenerationTest" name="innerClassFieldSelectorShouldNotSelectNonInnerClassMethodCall" time="0"/>
  <testcase classname="org.testifj.lang.codegeneration.impl.JavaSyntaxCodeGenerationTest" name="primitiveBoxCallsShouldBeHandledAndGeneratedAsImplicit" time="0.001"/>
  <testcase classname="org.testifj.lang.codegeneration.impl.JavaSyntaxCodeGenerationTest" name="classConstantShouldOutputClass" time="0"/>
  <testcase classname="org.testifj.lang.codegeneration.impl.JavaSyntaxCodeGenerationTest" name="dslMethodCallsShouldGenerateCallsWithoutTargetTypeSpecified" time="0"/>
  <testcase classname="org.testifj.lang.codegeneration.impl.JavaSyntaxCodeGenerationTest" name="selectUninitializedNewArrayShouldNotSElectNewArrayWithInitializers" time="0.004"/>
  <testcase classname="org.testifj.lang.codegeneration.impl.JavaSyntaxCodeGenerationTest" name="configureShouldNotAcceptNullConfigurationBuilder" time="0.001"/>
  <testcase classname="org.testifj.lang.codegeneration.impl.JavaSyntaxCodeGenerationTest" name="selectDSLCallShouldSelectMethodCallWhereTypeHasDSLAnnotation" time="0.001"/>
  <testcase classname="org.testifj.lang.codegeneration.impl.JavaSyntaxCodeGenerationTest" name="isDSLMethodCallShouldReturnFalseIfTargetTypeIsNotAClass" time="0.001"/>
  <testcase classname="org.testifj.lang.codegeneration.impl.JavaSyntaxCodeGenerationTest" name="isDSLMethodCallShouldReturnFalseIfTargetTypeDoesNotHaveDSLAnnotation" time="0.001"/>
</testsuite>