<?xml version="1.0" encoding="UTF-8" ?>
<testsuite tests="50" failures="0" name="org.testifj.util.SingleThreadedStackTest" time="0.011" errors="0" skipped="0">
  <properties>
[...]
</properties>
  <testcase classname="org.testifj.util.SingleThreadedStackTest" name="swapShouldNotAcceptNullElement[0]" time="0"/>
  <testcase classname="org.testifj.util.SingleThreadedStackTest" name="swapShouldFailIfStackIsEmpty[0]" time="0"/>
  <testcase classname="org.testifj.util.SingleThreadedStackTest" name="tailShouldReturnElementsFromIndex[0]" time="0"/>
  <testcase classname="org.testifj.util.SingleThreadedStackTest" name="tailShouldFailForInvalidIndex[0]" time="0.001"/>
  <testcase classname="org.testifj.util.SingleThreadedStackTest" name="insertShouldInsertElementAtIndex[0]" time="0"/>
  <testcase classname="org.testifj.util.SingleThreadedStackTest" name="stackListenerShouldGetNotifiedWhenElementIsInserted[0]" time="0"/>
  <testcase classname="org.testifj.util.SingleThreadedStackTest" name="instanceShouldNotBeEqualToNullOrDifferentType[0]" time="0.001"/>
  <testcase classname="org.testifj.util.SingleThreadedStackTest" name="constructorShouldNotAcceptNullBackingList[0]" time="0"/>
  <testcase classname="org.testifj.util.SingleThreadedStackTest" name="popShouldReturnLastElementAndRemoveIt[0]" time="0"/>
  <testcase classname="org.testifj.util.SingleThreadedStackTest" name="popShouldFailIfStackIsEmpty[0]" time="0.001"/>
  <testcase classname="org.testifj.util.SingleThreadedStackTest" name="toStringShouldReturnStringWithContents[0]" time="0"/>
  <testcase classname="org.testifj.util.SingleThreadedStackTest" name="removeStackListenerShouldNotAcceptNullArg[0]" time="0"/>
  <testcase classname="org.testifj.util.SingleThreadedStackTest" name="instanceShouldBeEqualToItSelf[0]" time="0"/>
  <testcase classname="org.testifj.util.SingleThreadedStackTest" name="swapShouldReplaceTopElementAndReturnOld[0]" time="0"/>
  <testcase classname="org.testifj.util.SingleThreadedStackTest" name="peekShouldReturnLastElementWithoutRemovingIt[0]" time="0"/>
  <testcase classname="org.testifj.util.SingleThreadedStackTest" name="swapShouldNotifyStackListener[0]" time="0.001"/>
  <testcase classname="org.testifj.util.SingleThreadedStackTest" name="tailWithNegativeValueShouldReturnValuesFromEnd[0]" time="0"/>
  <testcase classname="org.testifj.util.SingleThreadedStackTest" name="peekShouldFailIfStackIsEmpty[0]" time="0"/>
  <testcase classname="org.testifj.util.SingleThreadedStackTest" name="stackListenerShouldGetNotifiedWhenElementIsPopped[0]" time="0.001"/>
  <testcase classname="org.testifj.util.SingleThreadedStackTest" name="stackListenerShouldGetNotifiedWhenElementIsPushed[0]" time="0"/>
  <testcase classname="org.testifj.util.SingleThreadedStackTest" name="clearShouldRemoveAllElements[0]" time="0"/>
  <testcase classname="org.testifj.util.SingleThreadedStackTest" name="addStackListenerShouldNotAcceptNullArg[0]" time="0.001"/>
  <testcase classname="org.testifj.util.SingleThreadedStackTest" name="pushShouldNotAcceptNullElement[0]" time="0.001"/>
  <testcase classname="org.testifj.util.SingleThreadedStackTest" name="streamShouldStreamAllElements[0]" time="0"/>
  <testcase classname="org.testifj.util.SingleThreadedStackTest" name="instancesWithEqualContentsShouldBeEqual[0]" time="0"/>
  <testcase classname="org.testifj.util.SingleThreadedStackTest" name="swapShouldNotAcceptNullElement[1]" time="0"/>
  <testcase classname="org.testifj.util.SingleThreadedStackTest" name="swapShouldFailIfStackIsEmpty[1]" time="0"/>
  <testcase classname="org.testifj.util.SingleThreadedStackTest" name="tailShouldReturnElementsFromIndex[1]" time="0.001"/>
  <testcase classname="org.testifj.util.SingleThreadedStackTest" name="tailShouldFailForInvalidIndex[1]" time="0"/>
  <testcase classname="org.testifj.util.SingleThreadedStackTest" name="insertShouldInsertElementAtIndex[1]" time="0"/>
  <testcase classname="org.testifj.util.SingleThreadedStackTest" name="stackListenerShouldGetNotifiedWhenElementIsInserted[1]" time="0"/>
  <testcase classname="org.testifj.util.SingleThreadedStackTest" name="instanceShouldNotBeEqualToNullOrDifferentType[1]" time="0"/>
  <testcase classname="org.testifj.util.SingleThreadedStackTest" name="constructorShouldNotAcceptNullBackingList[1]" time="0"/>
  <testcase classname="org.testifj.util.SingleThreadedStackTest" name="popShouldReturnLastElementAndRemoveIt[1]" time="0"/>
  <testcase classname="org.testifj.util.SingleThreadedStackTest" name="popShouldFailIfStackIsEmpty[1]" time="0"/>
  <testcase classname="org.testifj.util.SingleThreadedStackTest" name="toStringShouldReturnStringWithContents[1]" time="0"/>
  <testcase classname="org.testifj.util.SingleThreadedStackTest" name="removeStackListenerShouldNotAcceptNullArg[1]" time="0"/>
  <testcase classname="org.testifj.util.SingleThreadedStackTest" name="instanceShouldBeEqualToItSelf[1]" time="0"/>
  <testcase classname="org.testifj.util.SingleThreadedStackTest" name="swapShouldReplaceTopElementAndReturnOld[1]" time="0"/>
  <testcase classname="org.testifj.util.SingleThreadedStackTest" name="peekShouldReturnLastElementWithoutRemovingIt[1]" time="0"/>
  <testcase classname="org.testifj.util.SingleThreadedStackTest" name="swapShouldNotifyStackListener[1]" time="0.001"/>
  <testcase classname="org.testifj.util.SingleThreadedStackTest" name="tailWithNegativeValueShouldReturnValuesFromEnd[1]" time="0"/>
  <testcase classname="org.testifj.util.SingleThreadedStackTest" name="peekShouldFailIfStackIsEmpty[1]" time="0.001"/>
  <testcase classname="org.testifj.util.SingleThreadedStackTest" name="stackListenerShouldGetNotifiedWhenElementIsPopped[1]" time="0"/>
  <testcase classname="org.testifj.util.SingleThreadedStackTest" name="stackListenerShouldGetNotifiedWhenElementIsPushed[1]" time="0"/>
  <testcase classname="org.testifj.util.SingleThreadedStackTest" name="clearShouldRemoveAllElements[1]" time="0"/>
  <testcase classname="org.testifj.util.SingleThreadedStackTest" name="addStackListenerShouldNotAcceptNullArg[1]" time="0.001"/>
  <testcase classname="org.testifj.util.SingleThreadedStackTest" name="pushShouldNotAcceptNullElement[1]" time="0"/>
  <testcase classname="org.testifj.util.SingleThreadedStackTest" name="streamShouldStreamAllElements[1]" time="0"/>
  <testcase classname="org.testifj.util.SingleThreadedStackTest" name="instancesWithEqualContentsShouldBeEqual[1]" time="0"/>
</testsuite>